2026-02-22T11:19:00.556+05:30  INFO 5892 --- [BACKEND] [main] com.BackendApplication                   : Starting BackendApplication using Java 17.0.12 with PID 5892 (C:\Users\kashi\OneDrive\Desktop\snapcart\backend\target\classes started by yashk in C:\Users\kashi\OneDrive\Desktop\snapcart\backend)
2026-02-22T11:19:00.623+05:30  INFO 5892 --- [BACKEND] [main] com.BackendApplication                   : No active profile set, falling back to 1 default profile: "default"
2026-02-22T11:19:17.189+05:30  INFO 5892 --- [BACKEND] [main] .s.d.r.c.RepositoryConfigurationDelegate : Bootstrapping Spring Data JPA repositories in DEFAULT mode.
2026-02-22T11:19:20.847+05:30  INFO 5892 --- [BACKEND] [main] .s.d.r.c.RepositoryConfigurationDelegate : Finished Spring Data repository scanning in 3573 ms. Found 26 JPA repository interfaces.
2026-02-22T11:19:23.678+05:30  INFO 5892 --- [BACKEND] [main] o.s.b.w.embedded.tomcat.TomcatWebServer  : Tomcat initialized with port 8080 (http)
2026-02-22T11:19:23.718+05:30  INFO 5892 --- [BACKEND] [main] o.apache.catalina.core.StandardService   : Starting service [Tomcat]
2026-02-22T11:19:23.720+05:30  INFO 5892 --- [BACKEND] [main] o.apache.catalina.core.StandardEngine    : Starting Servlet engine: [Apache Tomcat/10.1.18]
2026-02-22T11:19:23.983+05:30  INFO 5892 --- [BACKEND] [main] o.a.c.c.C.[Tomcat].[localhost].[/]       : Initializing Spring embedded WebApplicationContext
2026-02-22T11:19:23.987+05:30  INFO 5892 --- [BACKEND] [main] w.s.c.ServletWebServerApplicationContext : Root WebApplicationContext: initialization completed in 22609 ms
2026-02-22T11:19:25.272+05:30  INFO 5892 --- [BACKEND] [main] o.hibernate.jpa.internal.util.LogHelper  : HHH000204: Processing PersistenceUnitInfo [name: default]
2026-02-22T11:19:25.508+05:30  INFO 5892 --- [BACKEND] [main] org.hibernate.Version                    : HHH000412: Hibernate ORM core version 6.4.1.Final
2026-02-22T11:19:25.640+05:30  INFO 5892 --- [BACKEND] [main] o.h.c.internal.RegionFactoryInitiator    : HHH000026: Second-level cache disabled
2026-02-22T11:19:26.459+05:30  INFO 5892 --- [BACKEND] [main] o.s.o.j.p.SpringPersistenceUnitInfo      : No LoadTimeWeaver setup: ignoring JPA class transformer
2026-02-22T11:19:26.598+05:30  INFO 5892 --- [BACKEND] [main] com.zaxxer.hikari.HikariDataSource       : HikariPool-1 - Starting...
2026-02-22T11:19:28.362+05:30  INFO 5892 --- [BACKEND] [main] com.zaxxer.hikari.pool.HikariPool        : HikariPool-1 - Added connection com.mysql.cj.jdbc.ConnectionImpl@5e5af20c
2026-02-22T11:19:28.390+05:30  INFO 5892 --- [BACKEND] [main] com.zaxxer.hikari.HikariDataSource       : HikariPool-1 - Start completed.
2026-02-22T11:19:28.780+05:30  WARN 5892 --- [BACKEND] [main] org.hibernate.orm.deprecation            : HHH90000025: MySQL8Dialect does not need to be specified explicitly using 'hibernate.dialect' (remove the property setting and it will be selected by default)
2026-02-22T11:19:28.796+05:30  WARN 5892 --- [BACKEND] [main] org.hibernate.orm.deprecation            : HHH90000026: MySQL8Dialect has been deprecated; use org.hibernate.dialect.MySQLDialect instead
2026-02-22T11:19:40.085+05:30  INFO 5892 --- [BACKEND] [main] o.h.e.t.j.p.i.JtaPlatformInitiator       : HHH000489: No JTA platform available (set 'hibernate.transaction.jta.platform' to enable JTA platform integration)
2026-02-22T11:19:42.487+05:30  INFO 5892 --- [BACKEND] [main] j.LocalContainerEntityManagerFactoryBean : Initialized JPA EntityManagerFactory for persistence unit 'default'
2026-02-22T11:19:44.504+05:30  INFO 5892 --- [BACKEND] [main] o.s.d.j.r.query.QueryEnhancerFactory     : Hibernate is in classpath; If applicable, HQL parser will be used.
2026-02-22T11:19:54.467+05:30  INFO 5892 --- [BACKEND] [main] com.service.StripeService                : Initializing Stripe API with key
2026-02-22T11:19:57.314+05:30  WARN 5892 --- [BACKEND] [main] JpaBaseConfiguration$JpaWebConfiguration : spring.jpa.open-in-view is enabled by default. Therefore, database queries may be performed during view rendering. Explicitly configure spring.jpa.open-in-view to disable this warning
2026-02-22T11:19:59.848+05:30  INFO 5892 --- [BACKEND] [main] o.s.b.a.e.web.EndpointLinksResolver      : Exposing 3 endpoint(s) beneath base path '/actuator'
2026-02-22T11:20:00.464+05:30  INFO 5892 --- [BACKEND] [main] o.s.s.web.DefaultSecurityFilterChain     : Will secure any request with [org.springframework.security.web.session.DisableEncodeUrlFilter@52d7dc2d, org.springframework.security.web.context.request.async.WebAsyncManagerIntegrationFilter@2c822a91, org.springframework.security.web.context.SecurityContextHolderFilter@7a9dfe2c, org.springframework.security.web.header.HeaderWriterFilter@4db6edb3, org.springframework.web.filter.CorsFilter@611d6bb2, org.springframework.security.web.authentication.logout.LogoutFilter@1cde05bc, com.config.JwtAuthenticationFilter@6892edb0, org.springframework.security.web.savedrequest.RequestCacheAwareFilter@5d63ce, org.springframework.security.web.servletapi.SecurityContextHolderAwareRequestFilter@3d67e1b7, org.springframework.security.web.authentication.AnonymousAuthenticationFilter@c20fbe0, org.springframework.security.web.session.SessionManagementFilter@6191335f, org.springframework.security.web.access.ExceptionTranslationFilter@445f815f, org.springframework.security.web.access.intercept.AuthorizationFilter@27b6b0de]
2026-02-22T11:20:03.578+05:30  INFO 5892 --- [BACKEND] [main] o.s.b.w.embedded.tomcat.TomcatWebServer  : Tomcat started on port 8080 (http) with context path ''
2026-02-22T11:20:03.705+05:30  INFO 5892 --- [BACKEND] [main] com.BackendApplication                   : Started BackendApplication in 65.937 seconds (process running for 67.333)
2026-02-22T11:20:03.891+05:30  INFO 5892 --- [BACKEND] [http-nio-8080-exec-2] o.a.c.c.C.[Tomcat].[localhost].[/]       : Initializing Spring DispatcherServlet 'dispatcherServlet'
2026-02-22T11:20:03.891+05:30  INFO 5892 --- [BACKEND] [http-nio-8080-exec-2] o.s.web.servlet.DispatcherServlet        : Initializing Servlet 'dispatcherServlet'
2026-02-22T11:20:03.899+05:30  INFO 5892 --- [BACKEND] [http-nio-8080-exec-2] o.s.web.servlet.DispatcherServlet        : Completed initialization in 6 ms
2026-02-22T11:20:23.710+05:30  INFO 5892 --- [BACKEND] [http-nio-8080-exec-3] com.controller.pub.AuthController        : Attempting login for user: kashikaryash1@gmail.com
2026-02-22T12:04:11.163+05:30  INFO 5892 --- [BACKEND] [http-nio-8080-exec-7] com.controller.pub.AuthController        : Attempting login for user: moderator1@example.com
2026-02-22T12:18:32.921+05:30  WARN 5892 --- [BACKEND] [http-nio-8080-exec-2] o.h.engine.jdbc.spi.SqlExceptionHelper   : SQL Error: 1265, SQLState: 01000
2026-02-22T12:18:32.956+05:30 ERROR 5892 --- [BACKEND] [http-nio-8080-exec-2] o.h.engine.jdbc.spi.SqlExceptionHelper   : Data truncated for column 'sub_category' at row 1
2026-02-22T12:19:15.884+05:30  WARN 5892 --- [BACKEND] [http-nio-8080-exec-9] o.h.engine.jdbc.spi.SqlExceptionHelper   : SQL Error: 1265, SQLState: 01000
2026-02-22T12:19:15.888+05:30 ERROR 5892 --- [BACKEND] [http-nio-8080-exec-9] o.h.engine.jdbc.spi.SqlExceptionHelper   : Data truncated for column 'sub_category' at row 1
2026-02-22T12:19:49.370+05:30  WARN 5892 --- [BACKEND] [http-nio-8080-exec-10] o.h.engine.jdbc.spi.SqlExceptionHelper   : SQL Error: 1265, SQLState: 01000
2026-02-22T12:19:49.375+05:30 ERROR 5892 --- [BACKEND] [http-nio-8080-exec-10] o.h.engine.jdbc.spi.SqlExceptionHelper   : Data truncated for column 'sub_category' at row 1
2026-02-22T12:20:09.266+05:30  WARN 5892 --- [BACKEND] [http-nio-8080-exec-6] o.h.engine.jdbc.spi.SqlExceptionHelper   : SQL Error: 1265, SQLState: 01000
2026-02-22T12:20:09.274+05:30 ERROR 5892 --- [BACKEND] [http-nio-8080-exec-6] o.h.engine.jdbc.spi.SqlExceptionHelper   : Data truncated for column 'sub_category' at row 1
2026-02-22T12:20:19.405+05:30  WARN 5892 --- [BACKEND] [http-nio-8080-exec-7] o.h.engine.jdbc.spi.SqlExceptionHelper   : SQL Error: 1265, SQLState: 01000
2026-02-22T12:20:20.151+05:30 ERROR 5892 --- [BACKEND] [http-nio-8080-exec-7] o.h.engine.jdbc.spi.SqlExceptionHelper   : Data truncated for column 'sub_category' at row 1
2026-02-22T12:33:22.206+05:30  INFO 14348 --- [BACKEND] [main] com.BackendApplication                   : Starting BackendApplication using Java 17.0.12 with PID 14348 (C:\Users\kashi\OneDrive\Desktop\snapcart\backend\target\classes started by yashk in C:\Users\kashi\OneDrive\Desktop\snapcart\backend)
2026-02-22T12:33:22.329+05:30  INFO 14348 --- [BACKEND] [main] com.BackendApplication                   : No active profile set, falling back to 1 default profile: "default"
2026-02-22T12:33:36.361+05:30  INFO 14348 --- [BACKEND] [main] .s.d.r.c.RepositoryConfigurationDelegate : Bootstrapping Spring Data JPA repositories in DEFAULT mode.
2026-02-22T12:33:39.616+05:30  INFO 14348 --- [BACKEND] [main] .s.d.r.c.RepositoryConfigurationDelegate : Finished Spring Data repository scanning in 3231 ms. Found 26 JPA repository interfaces.
2026-02-22T12:33:43.223+05:30  INFO 14348 --- [BACKEND] [main] o.s.b.w.embedded.tomcat.TomcatWebServer  : Tomcat initialized with port 8080 (http)
2026-02-22T12:33:43.245+05:30  INFO 14348 --- [BACKEND] [main] o.apache.catalina.core.StandardService   : Starting service [Tomcat]
2026-02-22T12:33:43.246+05:30  INFO 14348 --- [BACKEND] [main] o.apache.catalina.core.StandardEngine    : Starting Servlet engine: [Apache Tomcat/10.1.18]
2026-02-22T12:33:43.394+05:30  INFO 14348 --- [BACKEND] [main] o.a.c.c.C.[Tomcat].[localhost].[/]       : Initializing Spring embedded WebApplicationContext
2026-02-22T12:33:43.397+05:30  INFO 14348 --- [BACKEND] [main] w.s.c.ServletWebServerApplicationContext : Root WebApplicationContext: initialization completed in 20716 ms
2026-02-22T12:33:44.686+05:30  INFO 14348 --- [BACKEND] [main] o.hibernate.jpa.internal.util.LogHelper  : HHH000204: Processing PersistenceUnitInfo [name: default]
2026-02-22T12:33:45.007+05:30  INFO 14348 --- [BACKEND] [main] org.hibernate.Version                    : HHH000412: Hibernate ORM core version 6.4.1.Final
2026-02-22T12:33:45.130+05:30  INFO 14348 --- [BACKEND] [main] o.h.c.internal.RegionFactoryInitiator    : HHH000026: Second-level cache disabled
2026-02-22T12:33:46.658+05:30  INFO 14348 --- [BACKEND] [main] o.s.o.j.p.SpringPersistenceUnitInfo      : No LoadTimeWeaver setup: ignoring JPA class transformer
2026-02-22T12:33:46.794+05:30  INFO 14348 --- [BACKEND] [main] com.zaxxer.hikari.HikariDataSource       : HikariPool-1 - Starting...
2026-02-22T12:33:48.239+05:30  INFO 14348 --- [BACKEND] [main] com.zaxxer.hikari.pool.HikariPool        : HikariPool-1 - Added connection com.mysql.cj.jdbc.ConnectionImpl@47d6a31a
2026-02-22T12:33:48.248+05:30  INFO 14348 --- [BACKEND] [main] com.zaxxer.hikari.HikariDataSource       : HikariPool-1 - Start completed.
2026-02-22T12:33:48.520+05:30  WARN 14348 --- [BACKEND] [main] org.hibernate.orm.deprecation            : HHH90000025: MySQL8Dialect does not need to be specified explicitly using 'hibernate.dialect' (remove the property setting and it will be selected by default)
2026-02-22T12:33:48.527+05:30  WARN 14348 --- [BACKEND] [main] org.hibernate.orm.deprecation            : HHH90000026: MySQL8Dialect has been deprecated; use org.hibernate.dialect.MySQLDialect instead
2026-02-22T12:33:56.222+05:30  INFO 14348 --- [BACKEND] [main] o.h.e.t.j.p.i.JtaPlatformInitiator       : HHH000489: No JTA platform available (set 'hibernate.transaction.jta.platform' to enable JTA platform integration)
2026-02-22T12:33:58.151+05:30  INFO 14348 --- [BACKEND] [main] j.LocalContainerEntityManagerFactoryBean : Initialized JPA EntityManagerFactory for persistence unit 'default'
2026-02-22T12:34:00.852+05:30  INFO 14348 --- [BACKEND] [main] o.s.d.j.r.query.QueryEnhancerFactory     : Hibernate is in classpath; If applicable, HQL parser will be used.
2026-02-22T12:34:09.577+05:30  INFO 14348 --- [BACKEND] [main] com.service.StripeService                : Initializing Stripe API with key
2026-02-22T12:34:11.453+05:30  WARN 14348 --- [BACKEND] [main] JpaBaseConfiguration$JpaWebConfiguration : spring.jpa.open-in-view is enabled by default. Therefore, database queries may be performed during view rendering. Explicitly configure spring.jpa.open-in-view to disable this warning
2026-02-22T12:34:13.323+05:30  INFO 14348 --- [BACKEND] [main] o.s.b.a.e.web.EndpointLinksResolver      : Exposing 3 endpoint(s) beneath base path '/actuator'
2026-02-22T12:34:13.662+05:30  INFO 14348 --- [BACKEND] [main] o.s.s.web.DefaultSecurityFilterChain     : Will secure any request with [org.springframework.security.web.session.DisableEncodeUrlFilter@23ed88c9, org.springframework.security.web.context.request.async.WebAsyncManagerIntegrationFilter@3a00c9af, org.springframework.security.web.context.SecurityContextHolderFilter@a5de4af, org.springframework.security.web.header.HeaderWriterFilter@6f4ded72, org.springframework.web.filter.CorsFilter@11d0a25e, org.springframework.security.web.authentication.logout.LogoutFilter@2d751681, com.config.JwtAuthenticationFilter@5f482ecd, org.springframework.security.web.savedrequest.RequestCacheAwareFilter@1641ee27, org.springframework.security.web.servletapi.SecurityContextHolderAwareRequestFilter@7a9dfe2c, org.springframework.security.web.authentication.AnonymousAuthenticationFilter@27b6b0de, org.springframework.security.web.session.SessionManagementFilter@2e37e758, org.springframework.security.web.access.ExceptionTranslationFilter@4b0465bd, org.springframework.security.web.access.intercept.AuthorizationFilter@1019657]
2026-02-22T12:34:17.403+05:30  INFO 14348 --- [BACKEND] [main] o.s.b.w.embedded.tomcat.TomcatWebServer  : Tomcat started on port 8080 (http) with context path ''
2026-02-22T12:34:17.505+05:30  INFO 14348 --- [BACKEND] [main] com.BackendApplication                   : Started BackendApplication in 56.719 seconds (process running for 58.206)
2026-02-22T12:34:46.129+05:30  INFO 14348 --- [BACKEND] [http-nio-8080-exec-4] o.a.c.c.C.[Tomcat].[localhost].[/]       : Initializing Spring DispatcherServlet 'dispatcherServlet'
2026-02-22T12:34:46.139+05:30  INFO 14348 --- [BACKEND] [http-nio-8080-exec-4] o.s.web.servlet.DispatcherServlet        : Initializing Servlet 'dispatcherServlet'
2026-02-22T12:34:46.179+05:30  INFO 14348 --- [BACKEND] [http-nio-8080-exec-4] o.s.web.servlet.DispatcherServlet        : Completed initialization in 37 ms
2026-02-22T12:36:41.267+05:30  INFO 14348 --- [BACKEND] [http-nio-8080-exec-1] com.controller.pub.AuthController        : Attempting login for user: kashikaryash1@gmail.com
2026-02-22T12:51:19.112+05:30  INFO 14348 --- [BACKEND] [http-nio-8080-exec-2] com.controller.pub.AuthController        : Attempting login for user: moderator2@example.com
2026-02-22T12:51:53.734+05:30  INFO 14348 --- [BACKEND] [http-nio-8080-exec-1] com.controller.pub.AuthController        : Attempting login for user: moderator3@example.com
2026-02-22T12:55:57.582+05:30  WARN 14348 --- [BACKEND] [http-nio-8080-exec-7] o.h.engine.jdbc.spi.SqlExceptionHelper   : SQL Error: 1265, SQLState: 01000
2026-02-22T12:55:57.586+05:30 ERROR 14348 --- [BACKEND] [http-nio-8080-exec-7] o.h.engine.jdbc.spi.SqlExceptionHelper   : Data truncated for column 'sub_category' at row 1
2026-02-22T13:10:15.479+05:30  INFO 14348 --- [BACKEND] [SpringApplicationShutdownHook] j.LocalContainerEntityManagerFactoryBean : Closing JPA EntityManagerFactory for persistence unit 'default'
2026-02-22T13:10:15.727+05:30  INFO 14348 --- [BACKEND] [SpringApplicationShutdownHook] com.zaxxer.hikari.HikariDataSource       : HikariPool-1 - Shutdown initiated...
2026-02-22T13:10:15.935+05:30  INFO 14348 --- [BACKEND] [SpringApplicationShutdownHook] com.zaxxer.hikari.HikariDataSource       : HikariPool-1 - Shutdown completed.
2026-02-22T13:10:30.626+05:30  INFO 10384 --- [BACKEND] [main] com.BackendApplication                   : Starting BackendApplication using Java 17.0.12 with PID 10384 (C:\Users\kashi\OneDrive\Desktop\snapcart\backend\target\classes started by yashk in C:\Users\kashi\OneDrive\Desktop\snapcart\backend)
2026-02-22T13:10:30.629+05:30  INFO 10384 --- [BACKEND] [main] com.BackendApplication                   : No active profile set, falling back to 1 default profile: "default"
2026-02-22T13:10:34.811+05:30  INFO 10384 --- [BACKEND] [main] .s.d.r.c.RepositoryConfigurationDelegate : Bootstrapping Spring Data JPA repositories in DEFAULT mode.
2026-02-22T13:10:35.935+05:30  INFO 10384 --- [BACKEND] [main] .s.d.r.c.RepositoryConfigurationDelegate : Finished Spring Data repository scanning in 1111 ms. Found 26 JPA repository interfaces.
2026-02-22T13:10:37.684+05:30  INFO 10384 --- [BACKEND] [main] o.s.b.w.embedded.tomcat.TomcatWebServer  : Tomcat initialized with port 8080 (http)
2026-02-22T13:10:37.711+05:30  INFO 10384 --- [BACKEND] [main] o.apache.catalina.core.StandardService   : Starting service [Tomcat]
2026-02-22T13:10:37.715+05:30  INFO 10384 --- [BACKEND] [main] o.apache.catalina.core.StandardEngine    : Starting Servlet engine: [Apache Tomcat/10.1.18]
2026-02-22T13:10:37.901+05:30  INFO 10384 --- [BACKEND] [main] o.a.c.c.C.[Tomcat].[localhost].[/]       : Initializing Spring embedded WebApplicationContext
2026-02-22T13:10:37.902+05:30  INFO 10384 --- [BACKEND] [main] w.s.c.ServletWebServerApplicationContext : Root WebApplicationContext: initialization completed in 7186 ms
2026-02-22T13:10:38.676+05:30  INFO 10384 --- [BACKEND] [main] o.hibernate.jpa.internal.util.LogHelper  : HHH000204: Processing PersistenceUnitInfo [name: default]
2026-02-22T13:10:38.826+05:30  INFO 10384 --- [BACKEND] [main] org.hibernate.Version                    : HHH000412: Hibernate ORM core version 6.4.1.Final
2026-02-22T13:10:38.900+05:30  INFO 10384 --- [BACKEND] [main] o.h.c.internal.RegionFactoryInitiator    : HHH000026: Second-level cache disabled
2026-02-22T13:10:39.309+05:30  INFO 10384 --- [BACKEND] [main] o.s.o.j.p.SpringPersistenceUnitInfo      : No LoadTimeWeaver setup: ignoring JPA class transformer
2026-02-22T13:10:39.354+05:30  INFO 10384 --- [BACKEND] [main] com.zaxxer.hikari.HikariDataSource       : HikariPool-1 - Starting...
2026-02-22T13:10:40.003+05:30  INFO 10384 --- [BACKEND] [main] com.zaxxer.hikari.pool.HikariPool        : HikariPool-1 - Added connection com.mysql.cj.jdbc.ConnectionImpl@2fce55d6
2026-02-22T13:10:40.008+05:30  INFO 10384 --- [BACKEND] [main] com.zaxxer.hikari.HikariDataSource       : HikariPool-1 - Start completed.
2026-02-22T13:10:40.155+05:30  WARN 10384 --- [BACKEND] [main] org.hibernate.orm.deprecation            : HHH90000025: MySQL8Dialect does not need to be specified explicitly using 'hibernate.dialect' (remove the property setting and it will be selected by default)
2026-02-22T13:10:40.157+05:30  WARN 10384 --- [BACKEND] [main] org.hibernate.orm.deprecation            : HHH90000026: MySQL8Dialect has been deprecated; use org.hibernate.dialect.MySQLDialect instead
2026-02-22T13:10:43.012+05:30  INFO 10384 --- [BACKEND] [main] o.h.e.t.j.p.i.JtaPlatformInitiator       : HHH000489: No JTA platform available (set 'hibernate.transaction.jta.platform' to enable JTA platform integration)
2026-02-22T13:10:44.513+05:30  INFO 10384 --- [BACKEND] [main] j.LocalContainerEntityManagerFactoryBean : Initialized JPA EntityManagerFactory for persistence unit 'default'
2026-02-22T13:10:45.669+05:30  INFO 10384 --- [BACKEND] [main] o.s.d.j.r.query.QueryEnhancerFactory     : Hibernate is in classpath; If applicable, HQL parser will be used.
2026-02-22T13:10:48.875+05:30  INFO 10384 --- [BACKEND] [main] com.service.StripeService                : Initializing Stripe API with key
2026-02-22T13:10:49.701+05:30  WARN 10384 --- [BACKEND] [main] JpaBaseConfiguration$JpaWebConfiguration : spring.jpa.open-in-view is enabled by default. Therefore, database queries may be performed during view rendering. Explicitly configure spring.jpa.open-in-view to disable this warning
2026-02-22T13:10:50.584+05:30  INFO 10384 --- [BACKEND] [main] o.s.b.a.e.web.EndpointLinksResolver      : Exposing 3 endpoint(s) beneath base path '/actuator'
2026-02-22T13:10:50.841+05:30  INFO 10384 --- [BACKEND] [main] o.s.s.web.DefaultSecurityFilterChain     : Will secure any request with [org.springframework.security.web.session.DisableEncodeUrlFilter@643c5b25, org.springframework.security.web.context.request.async.WebAsyncManagerIntegrationFilter@3c1569b2, org.springframework.security.web.context.SecurityContextHolderFilter@df9940b, org.springframework.security.web.header.HeaderWriterFilter@6b0b6001, org.springframework.web.filter.CorsFilter@45d46151, org.springframework.security.web.authentication.logout.LogoutFilter@2488fd50, com.config.JwtAuthenticationFilter@6d6cd631, org.springframework.security.web.savedrequest.RequestCacheAwareFilter@63323f91, org.springframework.security.web.servletapi.SecurityContextHolderAwareRequestFilter@3c066b66, org.springframework.security.web.authentication.AnonymousAuthenticationFilter@7fec168e, org.springframework.security.web.session.SessionManagementFilter@5a7412b0, org.springframework.security.web.access.ExceptionTranslationFilter@799ac0ef, org.springframework.security.web.access.intercept.AuthorizationFilter@c6c1921]
2026-02-22T13:10:52.405+05:30  INFO 10384 --- [BACKEND] [main] o.s.b.w.embedded.tomcat.TomcatWebServer  : Tomcat started on port 8080 (http) with context path ''
2026-02-22T13:10:52.447+05:30  INFO 10384 --- [BACKEND] [main] com.BackendApplication                   : Started BackendApplication in 22.474 seconds (process running for 23.082)
2026-02-22T13:11:00.669+05:30  INFO 10384 --- [BACKEND] [http-nio-8080-exec-4] o.a.c.c.C.[Tomcat].[localhost].[/]       : Initializing Spring DispatcherServlet 'dispatcherServlet'
2026-02-22T13:11:00.671+05:30  INFO 10384 --- [BACKEND] [http-nio-8080-exec-4] o.s.web.servlet.DispatcherServlet        : Initializing Servlet 'dispatcherServlet'
2026-02-22T13:11:00.713+05:30  INFO 10384 --- [BACKEND] [http-nio-8080-exec-4] o.s.web.servlet.DispatcherServlet        : Completed initialization in 38 ms
2026-02-22T13:14:20.778+05:30  WARN 10384 --- [BACKEND] [http-nio-8080-exec-1] o.h.engine.jdbc.spi.SqlExceptionHelper   : SQL Error: 1265, SQLState: 01000
2026-02-22T13:14:20.788+05:30 ERROR 10384 --- [BACKEND] [http-nio-8080-exec-1] o.h.engine.jdbc.spi.SqlExceptionHelper   : Data truncated for column 'sub_category' at row 1
2026-02-22T13:14:48.428+05:30  INFO 10384 --- [BACKEND] [SpringApplicationShutdownHook] j.LocalContainerEntityManagerFactoryBean : Closing JPA EntityManagerFactory for persistence unit 'default'
2026-02-22T13:14:48.442+05:30  INFO 10384 --- [BACKEND] [SpringApplicationShutdownHook] com.zaxxer.hikari.HikariDataSource       : HikariPool-1 - Shutdown initiated...
2026-02-22T13:14:48.481+05:30  INFO 10384 --- [BACKEND] [SpringApplicationShutdownHook] com.zaxxer.hikari.HikariDataSource       : HikariPool-1 - Shutdown completed.
2026-02-22T13:15:03.776+05:30  INFO 19396 --- [BACKEND] [main] com.BackendApplication                   : Starting BackendApplication using Java 17.0.12 with PID 19396 (C:\Users\kashi\OneDrive\Desktop\snapcart\backend\target\classes started by yashk in C:\Users\kashi\OneDrive\Desktop\snapcart\backend)
2026-02-22T13:15:03.782+05:30  INFO 19396 --- [BACKEND] [main] com.BackendApplication                   : No active profile set, falling back to 1 default profile: "default"
2026-02-22T13:15:07.036+05:30  INFO 19396 --- [BACKEND] [main] .s.d.r.c.RepositoryConfigurationDelegate : Bootstrapping Spring Data JPA repositories in DEFAULT mode.
2026-02-22T13:15:07.842+05:30  INFO 19396 --- [BACKEND] [main] .s.d.r.c.RepositoryConfigurationDelegate : Finished Spring Data repository scanning in 786 ms. Found 26 JPA repository interfaces.
2026-02-22T13:15:09.287+05:30  INFO 19396 --- [BACKEND] [main] o.s.b.w.embedded.tomcat.TomcatWebServer  : Tomcat initialized with port 8080 (http)
2026-02-22T13:15:09.310+05:30  INFO 19396 --- [BACKEND] [main] o.apache.catalina.core.StandardService   : Starting service [Tomcat]
2026-02-22T13:15:09.311+05:30  INFO 19396 --- [BACKEND] [main] o.apache.catalina.core.StandardEngine    : Starting Servlet engine: [Apache Tomcat/10.1.18]
2026-02-22T13:15:09.441+05:30  INFO 19396 --- [BACKEND] [main] o.a.c.c.C.[Tomcat].[localhost].[/]       : Initializing Spring embedded WebApplicationContext
2026-02-22T13:15:09.443+05:30  INFO 19396 --- [BACKEND] [main] w.s.c.ServletWebServerApplicationContext : Root WebApplicationContext: initialization completed in 5558 ms
2026-02-22T13:15:10.197+05:30  INFO 19396 --- [BACKEND] [main] o.hibernate.jpa.internal.util.LogHelper  : HHH000204: Processing PersistenceUnitInfo [name: default]
2026-02-22T13:15:10.320+05:30  INFO 19396 --- [BACKEND] [main] org.hibernate.Version                    : HHH000412: Hibernate ORM core version 6.4.1.Final
2026-02-22T13:15:10.373+05:30  INFO 19396 --- [BACKEND] [main] o.h.c.internal.RegionFactoryInitiator    : HHH000026: Second-level cache disabled
2026-02-22T13:15:10.797+05:30  INFO 19396 --- [BACKEND] [main] o.s.o.j.p.SpringPersistenceUnitInfo      : No LoadTimeWeaver setup: ignoring JPA class transformer
2026-02-22T13:15:10.842+05:30  INFO 19396 --- [BACKEND] [main] com.zaxxer.hikari.HikariDataSource       : HikariPool-1 - Starting...
2026-02-22T13:15:11.547+05:30  INFO 19396 --- [BACKEND] [main] com.zaxxer.hikari.pool.HikariPool        : HikariPool-1 - Added connection com.mysql.cj.jdbc.ConnectionImpl@47d6a31a
2026-02-22T13:15:11.551+05:30  INFO 19396 --- [BACKEND] [main] com.zaxxer.hikari.HikariDataSource       : HikariPool-1 - Start completed.
2026-02-22T13:15:11.692+05:30  WARN 19396 --- [BACKEND] [main] org.hibernate.orm.deprecation            : HHH90000025: MySQL8Dialect does not need to be specified explicitly using 'hibernate.dialect' (remove the property setting and it will be selected by default)
2026-02-22T13:15:11.696+05:30  WARN 19396 --- [BACKEND] [main] org.hibernate.orm.deprecation            : HHH90000026: MySQL8Dialect has been deprecated; use org.hibernate.dialect.MySQLDialect instead
2026-02-22T13:15:15.163+05:30  INFO 19396 --- [BACKEND] [main] o.h.e.t.j.p.i.JtaPlatformInitiator       : HHH000489: No JTA platform available (set 'hibernate.transaction.jta.platform' to enable JTA platform integration)
2026-02-22T13:15:17.016+05:30  INFO 19396 --- [BACKEND] [main] j.LocalContainerEntityManagerFactoryBean : Initialized JPA EntityManagerFactory for persistence unit 'default'
2026-02-22T13:15:20.999+05:30  INFO 19396 --- [BACKEND] [main] o.s.d.j.r.query.QueryEnhancerFactory     : Hibernate is in classpath; If applicable, HQL parser will be used.
2026-02-22T13:15:29.172+05:30  INFO 19396 --- [BACKEND] [main] com.service.StripeService                : Initializing Stripe API with key
2026-02-22T13:15:30.923+05:30  WARN 19396 --- [BACKEND] [main] JpaBaseConfiguration$JpaWebConfiguration : spring.jpa.open-in-view is enabled by default. Therefore, database queries may be performed during view rendering. Explicitly configure spring.jpa.open-in-view to disable this warning
2026-02-22T13:15:32.686+05:30  INFO 19396 --- [BACKEND] [main] o.s.b.a.e.web.EndpointLinksResolver      : Exposing 3 endpoint(s) beneath base path '/actuator'
2026-02-22T13:15:33.041+05:30  INFO 19396 --- [BACKEND] [main] o.s.s.web.DefaultSecurityFilterChain     : Will secure any request with [org.springframework.security.web.session.DisableEncodeUrlFilter@2e37e758, org.springframework.security.web.context.request.async.WebAsyncManagerIntegrationFilter@4db6edb3, org.springframework.security.web.context.SecurityContextHolderFilter@2922bf92, org.springframework.security.web.header.HeaderWriterFilter@7c9eb178, org.springframework.web.filter.CorsFilter@7fced31f, org.springframework.security.web.authentication.logout.LogoutFilter@18f67db4, com.config.JwtAuthenticationFilter@5f482ecd, org.springframework.security.web.savedrequest.RequestCacheAwareFilter@799ac0ef, org.springframework.security.web.servletapi.SecurityContextHolderAwareRequestFilter@18f7f928, org.springframework.security.web.authentication.AnonymousAuthenticationFilter@61606235, org.springframework.security.web.session.SessionManagementFilter@5b4b2bfa, org.springframework.security.web.access.ExceptionTranslationFilter@736e0bf8, org.springframework.security.web.access.intercept.AuthorizationFilter@1ec72ab7]
2026-02-22T13:15:35.414+05:30  INFO 19396 --- [BACKEND] [main] o.s.b.w.embedded.tomcat.TomcatWebServer  : Tomcat started on port 8080 (http) with context path ''
2026-02-22T13:15:35.539+05:30  INFO 19396 --- [BACKEND] [main] com.BackendApplication                   : Started BackendApplication in 32.578 seconds (process running for 33.438)
2026-02-22T13:15:35.713+05:30  INFO 19396 --- [BACKEND] [http-nio-8080-exec-2] o.a.c.c.C.[Tomcat].[localhost].[/]       : Initializing Spring DispatcherServlet 'dispatcherServlet'
2026-02-22T13:15:35.716+05:30  INFO 19396 --- [BACKEND] [http-nio-8080-exec-2] o.s.web.servlet.DispatcherServlet        : Initializing Servlet 'dispatcherServlet'
2026-02-22T13:15:35.724+05:30  INFO 19396 --- [BACKEND] [http-nio-8080-exec-2] o.s.web.servlet.DispatcherServlet        : Completed initialization in 7 ms
2026-02-22T13:42:08.220+05:30  INFO 19396 --- [BACKEND] [SpringApplicationShutdownHook] j.LocalContainerEntityManagerFactoryBean : Closing JPA EntityManagerFactory for persistence unit 'default'
2026-02-22T13:42:08.392+05:30  INFO 19396 --- [BACKEND] [SpringApplicationShutdownHook] com.zaxxer.hikari.HikariDataSource       : HikariPool-1 - Shutdown initiated...
2026-02-22T13:42:08.598+05:30  INFO 19396 --- [BACKEND] [SpringApplicationShutdownHook] com.zaxxer.hikari.HikariDataSource       : HikariPool-1 - Shutdown completed.
