[INFO] Scanning for projects...
[INFO] 
[INFO] ------------------------------< com:demo >------------------------------
[INFO] Building BACKEND 0.0.1-SNAPSHOT
[INFO]   from pom.xml
[INFO] --------------------------------[ jar ]---------------------------------
[INFO] 
[INFO] >>> spring-boot:3.2.2:run (default-cli) > test-compile @ demo >>>
[INFO] 
[INFO] --- resources:3.3.1:resources (default-resources) @ demo ---
[INFO] Copying 1 resource from src\main\resources to target\classes
[INFO] Copying 0 resource from src\main\resources to target\classes
[INFO] 
[INFO] --- compiler:3.11.0:compile (default-compile) @ demo ---
[INFO] Nothing to compile - all classes are up to date
[INFO] 
[INFO] --- resources:3.3.1:testResources (default-testResources) @ demo ---
[INFO] skip non existing resourceDirectory C:\Users\kashi\redtape-freelance\backend\src\test\resources
[INFO] 
[INFO] --- compiler:3.11.0:testCompile (default-testCompile) @ demo ---
[INFO] Nothing to compile - all classes are up to date
[INFO] 
[INFO] <<< spring-boot:3.2.2:run (default-cli) < test-compile @ demo <<<
[INFO] 
[INFO] 
[INFO] --- spring-boot:3.2.2:run (default-cli) @ demo ---
[INFO] Attaching agents: []

  .   ____          _            __ _ _
 /\\ / ___'_ __ _ _(_)_ __  __ _ \ \ \ \
( ( )\___ | '_ | '_| | '_ \/ _` | \ \ \ \
 \\/  ___)| |_)| | | | | || (_| |  ) ) ) )
  '  |____| .__|_| |_|_| |_\__, | / / / /
 =========|_|==============|___/=/_/_/_/
 :: Spring Boot ::                (v3.2.2)

2026-02-09T21:31:05.298+05:30  INFO 8396 --- [BACKEND] [           main] com.BackendApplication                   : Starting BackendApplication using Java 17.0.12 with PID 8396 (C:\Users\kashi\redtape-freelance\backend\target\classes started by yashk in C:\Users\kashi\redtape-freelance\backend)
2026-02-09T21:31:05.303+05:30  INFO 8396 --- [BACKEND] [           main] com.BackendApplication                   : No active profile set, falling back to 1 default profile: "default"
2026-02-09T21:31:09.099+05:30  INFO 8396 --- [BACKEND] [           main] .s.d.r.c.RepositoryConfigurationDelegate : Bootstrapping Spring Data JPA repositories in DEFAULT mode.
2026-02-09T21:31:09.794+05:30  INFO 8396 --- [BACKEND] [           main] .s.d.r.c.RepositoryConfigurationDelegate : Finished Spring Data repository scanning in 684 ms. Found 11 JPA repository interfaces.
2026-02-09T21:31:10.827+05:30  INFO 8396 --- [BACKEND] [           main] o.s.b.w.embedded.tomcat.TomcatWebServer  : Tomcat initialized with port 8080 (http)
2026-02-09T21:31:10.844+05:30  INFO 8396 --- [BACKEND] [           main] o.apache.catalina.core.StandardService   : Starting service [Tomcat]
2026-02-09T21:31:10.844+05:30  INFO 8396 --- [BACKEND] [           main] o.apache.catalina.core.StandardEngine    : Starting Servlet engine: [Apache Tomcat/10.1.18]
2026-02-09T21:31:10.940+05:30  INFO 8396 --- [BACKEND] [           main] o.a.c.c.C.[Tomcat].[localhost].[/]       : Initializing Spring embedded WebApplicationContext
2026-02-09T21:31:10.942+05:30  INFO 8396 --- [BACKEND] [           main] w.s.c.ServletWebServerApplicationContext : Root WebApplicationContext: initialization completed in 5566 ms
2026-02-09T21:31:11.645+05:30  INFO 8396 --- [BACKEND] [           main] o.hibernate.jpa.internal.util.LogHelper  : HHH000204: Processing PersistenceUnitInfo [name: default]
2026-02-09T21:31:11.720+05:30  INFO 8396 --- [BACKEND] [           main] org.hibernate.Version                    : HHH000412: Hibernate ORM core version 6.4.1.Final
2026-02-09T21:31:11.778+05:30  INFO 8396 --- [BACKEND] [           main] o.h.c.internal.RegionFactoryInitiator    : HHH000026: Second-level cache disabled
2026-02-09T21:31:12.131+05:30  INFO 8396 --- [BACKEND] [           main] o.s.o.j.p.SpringPersistenceUnitInfo      : No LoadTimeWeaver setup: ignoring JPA class transformer
2026-02-09T21:31:12.174+05:30  INFO 8396 --- [BACKEND] [           main] com.zaxxer.hikari.HikariDataSource       : HikariPool-1 - Starting...
2026-02-09T21:31:12.638+05:30  INFO 8396 --- [BACKEND] [           main] com.zaxxer.hikari.pool.HikariPool        : HikariPool-1 - Added connection com.mysql.cj.jdbc.ConnectionImpl@4b6b9255
2026-02-09T21:31:12.640+05:30  INFO 8396 --- [BACKEND] [           main] com.zaxxer.hikari.HikariDataSource       : HikariPool-1 - Start completed.
2026-02-09T21:31:12.713+05:30  WARN 8396 --- [BACKEND] [           main] org.hibernate.orm.deprecation            : HHH90000025: MySQL8Dialect does not need to be specified explicitly using 'hibernate.dialect' (remove the property setting and it will be selected by default)
2026-02-09T21:31:12.714+05:30  WARN 8396 --- [BACKEND] [           main] org.hibernate.orm.deprecation            : HHH90000026: MySQL8Dialect has been deprecated; use org.hibernate.dialect.MySQLDialect instead
2026-02-09T21:31:16.482+05:30  INFO 8396 --- [BACKEND] [           main] o.h.e.t.j.p.i.JtaPlatformInitiator       : HHH000489: No JTA platform available (set 'hibernate.transaction.jta.platform' to enable JTA platform integration)
2026-02-09T21:31:16.956+05:30  INFO 8396 --- [BACKEND] [           main] j.LocalContainerEntityManagerFactoryBean : Initialized JPA EntityManagerFactory for persistence unit 'default'
2026-02-09T21:31:17.742+05:30  INFO 8396 --- [BACKEND] [           main] o.s.d.j.r.query.QueryEnhancerFactory     : Hibernate is in classpath; If applicable, HQL parser will be used.
2026-02-09T21:31:18.884+05:30  INFO 8396 --- [BACKEND] [           main] com.service.StripeService                : Initializing Stripe API with key
2026-02-09T21:31:19.417+05:30  WARN 8396 --- [BACKEND] [           main] JpaBaseConfiguration$JpaWebConfiguration : spring.jpa.open-in-view is enabled by default. Therefore, database queries may be performed during view rendering. Explicitly configure spring.jpa.open-in-view to disable this warning
2026-02-09T21:31:21.943+05:30  INFO 8396 --- [BACKEND] [           main] o.s.b.a.e.web.EndpointLinksResolver      : Exposing 3 endpoint(s) beneath base path '/actuator'
2026-02-09T21:31:22.093+05:30  INFO 8396 --- [BACKEND] [           main] o.s.s.web.DefaultSecurityFilterChain     : Will secure any request with [org.springframework.security.web.session.DisableEncodeUrlFilter@6c892117, org.springframework.security.web.context.request.async.WebAsyncManagerIntegrationFilter@1ad4e, org.springframework.security.web.context.SecurityContextHolderFilter@a45802c, org.springframework.security.web.header.HeaderWriterFilter@202b279a, org.springframework.web.filter.CorsFilter@2f0c2b93, org.springframework.security.web.authentication.logout.LogoutFilter@45149573, com.config.JwtAuthenticationFilter@38128db7, org.springframework.security.web.savedrequest.RequestCacheAwareFilter@6460dd5e, org.springframework.security.web.servletapi.SecurityContextHolderAwareRequestFilter@672e6f34, org.springframework.security.web.authentication.AnonymousAuthenticationFilter@1ae597b2, org.springframework.security.web.session.SessionManagementFilter@7a7508b4, org.springframework.security.web.access.ExceptionTranslationFilter@426218fc, org.springframework.security.web.access.intercept.AuthorizationFilter@166c24f0]
2026-02-09T21:31:22.831+05:30  INFO 8396 --- [BACKEND] [           main] o.s.b.w.embedded.tomcat.TomcatWebServer  : Tomcat started on port 8080 (http) with context path ''
2026-02-09T21:31:22.849+05:30  INFO 8396 --- [BACKEND] [           main] com.BackendApplication                   : Started BackendApplication in 18.528 seconds (process running for 19.51)
