[INFO] Scanning for projects...
[INFO] 
[INFO] ------------------------------< com:demo >------------------------------
[INFO] Building BACKEND 0.0.1-SNAPSHOT
[INFO]   from pom.xml
[INFO] --------------------------------[ jar ]---------------------------------
[INFO] 
[INFO] >>> spring-boot:3.2.2:run (default-cli) > test-compile @ demo >>>
[INFO] 
[INFO] --- resources:3.3.1:resources (default-resources) @ demo ---
[INFO] Copying 1 resource from src\main\resources to target\classes
[INFO] Copying 0 resource from src\main\resources to target\classes
[INFO] 
[INFO] --- compiler:3.11.0:compile (default-compile) @ demo ---
[INFO] Nothing to compile - all classes are up to date
[INFO] 
[INFO] --- resources:3.3.1:testResources (default-testResources) @ demo ---
[INFO] skip non existing resourceDirectory C:\Users\kashi\redtape-freelance\backend\src\test\resources
[INFO] 
[INFO] --- compiler:3.11.0:testCompile (default-testCompile) @ demo ---
[INFO] Nothing to compile - all classes are up to date
[INFO] 
[INFO] <<< spring-boot:3.2.2:run (default-cli) < test-compile @ demo <<<
[INFO] 
[INFO] 
[INFO] --- spring-boot:3.2.2:run (default-cli) @ demo ---
[INFO] Attaching agents: []

  .   ____          _            __ _ _
 /\\ / ___'_ __ _ _(_)_ __  __ _ \ \ \ \
( ( )\___ | '_ | '_| | '_ \/ _` | \ \ \ \
 \\/  ___)| |_)| | | | | || (_| |  ) ) ) )
  '  |____| .__|_| |_|_| |_\__, | / / / /
 =========|_|==============|___/=/_/_/_/
 :: Spring Boot ::                (v3.2.2)

2026-02-09T21:21:58.437+05:30  INFO 8392 --- [BACKEND] [           main] com.BackendApplication                   : Starting BackendApplication using Java 17.0.12 with PID 8392 (C:\Users\kashi\redtape-freelance\backend\target\classes started by yashk in C:\Users\kashi\redtape-freelance\backend)
2026-02-09T21:21:58.438+05:30  INFO 8392 --- [BACKEND] [           main] com.BackendApplication                   : No active profile set, falling back to 1 default profile: "default"
2026-02-09T21:22:00.981+05:30  INFO 8392 --- [BACKEND] [           main] .s.d.r.c.RepositoryConfigurationDelegate : Bootstrapping Spring Data JPA repositories in DEFAULT mode.
2026-02-09T21:22:01.596+05:30  INFO 8392 --- [BACKEND] [           main] .s.d.r.c.RepositoryConfigurationDelegate : Finished Spring Data repository scanning in 607 ms. Found 11 JPA repository interfaces.
2026-02-09T21:22:02.705+05:30  INFO 8392 --- [BACKEND] [           main] o.s.b.w.embedded.tomcat.TomcatWebServer  : Tomcat initialized with port 8080 (http)
2026-02-09T21:22:02.718+05:30  INFO 8392 --- [BACKEND] [           main] o.apache.catalina.core.StandardService   : Starting service [Tomcat]
2026-02-09T21:22:02.718+05:30  INFO 8392 --- [BACKEND] [           main] o.apache.catalina.core.StandardEngine    : Starting Servlet engine: [Apache Tomcat/10.1.18]
2026-02-09T21:22:02.930+05:30  INFO 8392 --- [BACKEND] [           main] o.a.c.c.C.[Tomcat].[localhost].[/]       : Initializing Spring embedded WebApplicationContext
2026-02-09T21:22:02.931+05:30  INFO 8392 --- [BACKEND] [           main] w.s.c.ServletWebServerApplicationContext : Root WebApplicationContext: initialization completed in 4428 ms
2026-02-09T21:22:04.286+05:30  INFO 8392 --- [BACKEND] [           main] o.hibernate.jpa.internal.util.LogHelper  : HHH000204: Processing PersistenceUnitInfo [name: default]
2026-02-09T21:22:04.385+05:30  INFO 8392 --- [BACKEND] [           main] org.hibernate.Version                    : HHH000412: Hibernate ORM core version 6.4.1.Final
2026-02-09T21:22:04.443+05:30  INFO 8392 --- [BACKEND] [           main] o.h.c.internal.RegionFactoryInitiator    : HHH000026: Second-level cache disabled
2026-02-09T21:22:05.106+05:30  INFO 8392 --- [BACKEND] [           main] o.s.o.j.p.SpringPersistenceUnitInfo      : No LoadTimeWeaver setup: ignoring JPA class transformer
2026-02-09T21:22:05.156+05:30  INFO 8392 --- [BACKEND] [           main] com.zaxxer.hikari.HikariDataSource       : HikariPool-1 - Starting...
2026-02-09T21:22:05.734+05:30  INFO 8392 --- [BACKEND] [           main] com.zaxxer.hikari.pool.HikariPool        : HikariPool-1 - Added connection com.mysql.cj.jdbc.ConnectionImpl@4b2164a9
2026-02-09T21:22:05.736+05:30  INFO 8392 --- [BACKEND] [           main] com.zaxxer.hikari.HikariDataSource       : HikariPool-1 - Start completed.
2026-02-09T21:22:05.812+05:30  WARN 8392 --- [BACKEND] [           main] org.hibernate.orm.deprecation            : HHH90000025: MySQL8Dialect does not need to be specified explicitly using 'hibernate.dialect' (remove the property setting and it will be selected by default)
2026-02-09T21:22:05.815+05:30  WARN 8392 --- [BACKEND] [           main] org.hibernate.orm.deprecation            : HHH90000026: MySQL8Dialect has been deprecated; use org.hibernate.dialect.MySQLDialect instead
2026-02-09T21:22:07.852+05:30  INFO 8392 --- [BACKEND] [           main] o.h.e.t.j.p.i.JtaPlatformInitiator       : HHH000489: No JTA platform available (set 'hibernate.transaction.jta.platform' to enable JTA platform integration)
2026-02-09T21:22:08.208+05:30  INFO 8392 --- [BACKEND] [           main] j.LocalContainerEntityManagerFactoryBean : Initialized JPA EntityManagerFactory for persistence unit 'default'
2026-02-09T21:22:09.274+05:30  INFO 8392 --- [BACKEND] [           main] o.s.d.j.r.query.QueryEnhancerFactory     : Hibernate is in classpath; If applicable, HQL parser will be used.
2026-02-09T21:22:10.300+05:30  INFO 8392 --- [BACKEND] [           main] com.service.StripeService                : Initializing Stripe API with key
2026-02-09T21:22:10.731+05:30  WARN 8392 --- [BACKEND] [           main] JpaBaseConfiguration$JpaWebConfiguration : spring.jpa.open-in-view is enabled by default. Therefore, database queries may be performed during view rendering. Explicitly configure spring.jpa.open-in-view to disable this warning
2026-02-09T21:22:11.746+05:30  INFO 8392 --- [BACKEND] [           main] o.s.b.a.e.web.EndpointLinksResolver      : Exposing 3 endpoint(s) beneath base path '/actuator'
2026-02-09T21:22:11.832+05:30  INFO 8392 --- [BACKEND] [           main] o.s.s.web.DefaultSecurityFilterChain     : Will secure any request with [org.springframework.security.web.session.DisableEncodeUrlFilter@4f67dcad, org.springframework.security.web.context.request.async.WebAsyncManagerIntegrationFilter@1314b8f8, org.springframework.security.web.context.SecurityContextHolderFilter@69c70887, org.springframework.security.web.header.HeaderWriterFilter@1c5f5f, org.springframework.web.filter.CorsFilter@3282cd58, org.springframework.security.web.authentication.logout.LogoutFilter@410e5a50, com.config.JwtAuthenticationFilter@656f985b, org.springframework.security.web.savedrequest.RequestCacheAwareFilter@2b27b44d, org.springframework.security.web.servletapi.SecurityContextHolderAwareRequestFilter@1c56ca37, org.springframework.security.web.authentication.AnonymousAuthenticationFilter@671f1e0a, org.springframework.security.web.session.SessionManagementFilter@605db391, org.springframework.security.web.access.ExceptionTranslationFilter@2a6b4d, org.springframework.security.web.access.intercept.AuthorizationFilter@343131f7]
2026-02-09T21:22:12.540+05:30  INFO 8392 --- [BACKEND] [           main] o.s.b.w.embedded.tomcat.TomcatWebServer  : Tomcat started on port 8080 (http) with context path ''
2026-02-09T21:22:12.559+05:30  INFO 8392 --- [BACKEND] [           main] com.BackendApplication                   : Started BackendApplication in 14.576 seconds (process running for 15.025)
2026-02-09T21:22:32.318+05:30  INFO 8392 --- [BACKEND] [nio-8080-exec-1] o.a.c.c.C.[Tomcat].[localhost].[/]       : Initializing Spring DispatcherServlet 'dispatcherServlet'
2026-02-09T21:22:32.318+05:30  INFO 8392 --- [BACKEND] [nio-8080-exec-1] o.s.web.servlet.DispatcherServlet        : Initializing Servlet 'dispatcherServlet'
2026-02-09T21:22:32.319+05:30  INFO 8392 --- [BACKEND] [nio-8080-exec-1] o.s.web.servlet.DispatcherServlet        : Completed initialization in 1 ms
2026-02-09T21:22:32.492+05:30  INFO 8392 --- [BACKEND] [nio-8080-exec-1] com.controller.pub.AuthController        : Attempting login for user: yash@gmail.com
Hibernate: 
    select
        u1_0.id,
        u1_0.email,
        u1_0.gender,
        u1_0.mobile,
        u1_0.name,
        u1_0.password,
        u1_0.profile_picture,
        u1_0.profile_picture_type,
        u1_0.role 
    from
        users u1_0 
    where
        u1_0.email=?
